mode: atomic
github.com/nlstn/go-odata/internal/metadata/analyzer.go:30.65,34.38 2 6
github.com/nlstn/go-odata/internal/metadata/analyzer.go:34.38,36.3 1 1
github.com/nlstn/go-odata/internal/metadata/analyzer.go:38.2,38.41 1 6
github.com/nlstn/go-odata/internal/metadata/analyzer.go:38.41,40.3 1 1
github.com/nlstn/go-odata/internal/metadata/analyzer.go:42.2,53.45 4 5
github.com/nlstn/go-odata/internal/metadata/analyzer.go:53.45,57.26 2 17
github.com/nlstn/go-odata/internal/metadata/analyzer.go:57.26,58.12 1 0
github.com/nlstn/go-odata/internal/metadata/analyzer.go:61.3,70.57 2 17
github.com/nlstn/go-odata/internal/metadata/analyzer.go:70.57,71.41 1 6
github.com/nlstn/go-odata/internal/metadata/analyzer.go:71.41,74.5 2 3
github.com/nlstn/go-odata/internal/metadata/analyzer.go:75.4,75.46 1 6
github.com/nlstn/go-odata/internal/metadata/analyzer.go:75.46,77.5 1 3
github.com/nlstn/go-odata/internal/metadata/analyzer.go:81.3,81.56 1 17
github.com/nlstn/go-odata/internal/metadata/analyzer.go:81.56,84.4 2 1
github.com/nlstn/go-odata/internal/metadata/analyzer.go:86.3,86.62 1 17
github.com/nlstn/go-odata/internal/metadata/analyzer.go:90.2,90.33 1 5
github.com/nlstn/go-odata/internal/metadata/analyzer.go:90.33,92.3 1 1
github.com/nlstn/go-odata/internal/metadata/analyzer.go:94.2,94.22 1 4
github.com/nlstn/go-odata/internal/metadata/analyzer.go:98.52,100.19 2 21
github.com/nlstn/go-odata/internal/metadata/analyzer.go:100.19,102.3 1 1
github.com/nlstn/go-odata/internal/metadata/analyzer.go:105.2,106.38 2 20
github.com/nlstn/go-odata/internal/metadata/analyzer.go:106.38,108.3 1 19
github.com/nlstn/go-odata/internal/metadata/analyzer.go:110.2,110.19 1 1
github.com/nlstn/go-odata/internal/metadata/analyzer.go:115.36,116.16 1 13
github.com/nlstn/go-odata/internal/metadata/analyzer.go:116.16,118.3 1 1
github.com/nlstn/go-odata/internal/metadata/analyzer.go:121.2,121.9 1 12
github.com/nlstn/go-odata/internal/metadata/analyzer.go:122.36,123.36 1 3
github.com/nlstn/go-odata/internal/metadata/analyzer.go:125.66,126.21 1 5
github.com/nlstn/go-odata/internal/metadata/analyzer.go:127.10,128.20 1 4
github.com/nlstn/go-odata/internal/response/odata.go:17.113,35.2 8 1
github.com/nlstn/go-odata/internal/response/odata.go:38.88,54.2 7 1
github.com/nlstn/go-odata/internal/response/odata.go:57.94,61.39 3 1
github.com/nlstn/go-odata/internal/response/odata.go:61.39,67.3 1 2
github.com/nlstn/go-odata/internal/response/odata.go:69.2,80.35 7 1
github.com/nlstn/go-odata/internal/response/odata.go:84.68,87.2 2 1
github.com/nlstn/go-odata/internal/response/odata.go:90.43,92.2 1 4
github.com/nlstn/go-odata/internal/response/odata.go:95.43,97.18 2 6
github.com/nlstn/go-odata/internal/response/odata.go:97.18,99.3 1 1
github.com/nlstn/go-odata/internal/response/odata.go:102.2,102.61 1 6
github.com/nlstn/go-odata/internal/response/odata.go:102.61,104.3 1 1
github.com/nlstn/go-odata/internal/response/odata.go:106.2,107.16 2 6
github.com/nlstn/go-odata/internal/response/odata.go:107.16,109.3 1 1
github.com/nlstn/go-odata/internal/response/odata.go:111.2,111.30 1 6
github.com/nlstn/go-odata/internal/response/odata.go:115.52,117.34 2 0
github.com/nlstn/go-odata/internal/response/odata.go:117.34,119.3 1 0
github.com/nlstn/go-odata/internal/response/odata.go:120.2,120.23 1 0
github.com/nlstn/go-odata/internal/response/odata.go:124.81,126.2 1 5
github.com/nlstn/go-odata/internal/response/odata.go:129.81,131.37 1 5
github.com/nlstn/go-odata/internal/response/odata.go:131.37,133.3 1 1
github.com/nlstn/go-odata/internal/response/odata.go:136.2,137.16 2 5
github.com/nlstn/go-odata/internal/response/odata.go:137.16,139.3 1 0
github.com/nlstn/go-odata/internal/response/odata.go:142.2,143.24 2 5
github.com/nlstn/go-odata/internal/response/odata.go:143.24,147.54 2 5
github.com/nlstn/go-odata/internal/response/odata.go:147.54,148.41 1 2
github.com/nlstn/go-odata/internal/response/odata.go:148.41,151.5 2 2
github.com/nlstn/go-odata/internal/response/odata.go:155.2,155.34 1 5
github.com/nlstn/go-odata/cmd/devserver/main.go:12.13,15.16 2 0
github.com/nlstn/go-odata/cmd/devserver/main.go:15.16,17.3 1 0
github.com/nlstn/go-odata/cmd/devserver/main.go:20.2,20.51 1 0
github.com/nlstn/go-odata/cmd/devserver/main.go:20.51,22.3 1 0
github.com/nlstn/go-odata/cmd/devserver/main.go:25.2,26.57 2 0
github.com/nlstn/go-odata/cmd/devserver/main.go:26.57,28.3 1 0
github.com/nlstn/go-odata/cmd/devserver/main.go:30.2,36.59 3 0
github.com/nlstn/go-odata/cmd/devserver/main.go:36.59,38.3 1 0
github.com/nlstn/go-odata/cmd/devserver/main.go:41.2,49.56 8 0
github.com/nlstn/go-odata/cmd/devserver/main.go:49.56,51.3 1 0
github.com/nlstn/go-odata/cmd/devserver/product.go:13.36,51.2 1 0
github.com/nlstn/go-odata/odata.go:30.39,39.2 2 11
github.com/nlstn/go-odata/odata.go:42.60,45.16 2 13
github.com/nlstn/go-odata/odata.go:45.16,47.3 1 1
github.com/nlstn/go-odata/odata.go:50.2,57.12 5 12
github.com/nlstn/go-odata/server.go:12.69,16.16 2 11
github.com/nlstn/go-odata/server.go:16.16,19.3 2 2
github.com/nlstn/go-odata/server.go:22.2,22.25 1 9
github.com/nlstn/go-odata/server.go:22.25,25.3 2 2
github.com/nlstn/go-odata/server.go:28.2,29.16 2 7
github.com/nlstn/go-odata/server.go:29.16,32.3 2 0
github.com/nlstn/go-odata/server.go:35.2,36.13 2 7
github.com/nlstn/go-odata/server.go:36.13,40.3 2 2
github.com/nlstn/go-odata/server.go:43.2,43.21 1 5
github.com/nlstn/go-odata/server.go:43.21,46.3 1 2
github.com/nlstn/go-odata/server.go:46.8,49.3 1 3
github.com/nlstn/go-odata/server.go:53.53,56.2 2 0
github.com/nlstn/go-odata/internal/handlers/entity.go:22.92,27.2 1 6
github.com/nlstn/go-odata/internal/handlers/entity.go:30.82,31.32 1 6
github.com/nlstn/go-odata/internal/handlers/entity.go:31.32,35.3 2 4
github.com/nlstn/go-odata/internal/handlers/entity.go:38.2,42.49 3 2
github.com/nlstn/go-odata/internal/handlers/entity.go:42.49,45.3 2 0
github.com/nlstn/go-odata/internal/handlers/entity.go:48.2,51.98 2 2
github.com/nlstn/go-odata/internal/handlers/entity.go:51.98,54.3 1 0
github.com/nlstn/go-odata/internal/handlers/entity.go:58.96,59.32 1 6
github.com/nlstn/go-odata/internal/handlers/entity.go:59.32,63.3 2 4
github.com/nlstn/go-odata/internal/handlers/entity.go:66.2,70.99 3 2
github.com/nlstn/go-odata/internal/handlers/entity.go:70.99,71.36 1 1
github.com/nlstn/go-odata/internal/handlers/entity.go:71.36,74.4 1 1
github.com/nlstn/go-odata/internal/handlers/entity.go:74.9,76.4 1 0
github.com/nlstn/go-odata/internal/handlers/entity.go:77.3,77.9 1 1
github.com/nlstn/go-odata/internal/handlers/entity.go:81.2,91.46 5 1
github.com/nlstn/go-odata/internal/handlers/entity.go:91.46,93.25 2 2
github.com/nlstn/go-odata/internal/handlers/entity.go:93.25,97.4 3 2
github.com/nlstn/go-odata/internal/handlers/entity.go:100.2,105.65 4 1
github.com/nlstn/go-odata/internal/handlers/entity.go:105.65,107.3 1 0
github.com/nlstn/go-odata/internal/handlers/entity.go:111.52,113.19 2 2
github.com/nlstn/go-odata/internal/handlers/entity.go:113.19,115.3 1 0
github.com/nlstn/go-odata/internal/handlers/entity.go:118.2,119.38 2 2
github.com/nlstn/go-odata/internal/handlers/entity.go:119.38,121.3 1 2
github.com/nlstn/go-odata/internal/handlers/entity.go:123.2,123.19 1 0
github.com/nlstn/go-odata/internal/handlers/metadata.go:17.88,21.2 1 2
github.com/nlstn/go-odata/internal/handlers/metadata.go:24.82,25.32 1 5
github.com/nlstn/go-odata/internal/handlers/metadata.go:25.32,29.3 2 4
github.com/nlstn/go-odata/internal/handlers/metadata.go:32.2,43.52 4 1
github.com/nlstn/go-odata/internal/handlers/metadata.go:43.52,46.3 1 1
github.com/nlstn/go-odata/internal/handlers/metadata.go:48.2,53.27 2 1
github.com/nlstn/go-odata/internal/handlers/service_document.go:17.102,21.2 1 3
github.com/nlstn/go-odata/internal/handlers/service_document.go:24.96,25.32 1 6
github.com/nlstn/go-odata/internal/handlers/service_document.go:25.32,29.3 2 4
github.com/nlstn/go-odata/internal/handlers/service_document.go:32.2,33.40 2 2
github.com/nlstn/go-odata/internal/handlers/service_document.go:33.40,35.3 1 1
github.com/nlstn/go-odata/internal/handlers/service_document.go:37.2,37.72 1 2
github.com/nlstn/go-odata/internal/handlers/service_document.go:37.72,39.3 1 0
